12/28/2022 05:15:59 PM - GooglePage - INFO: --- RUNNING TEST : https://www.google.com/ ---
12/28/2022 05:15:59 PM - Test_GoogleSearch - INFO: *****'LOGIN' GOOGLE TESTS *****

12/28/2022 05:16:00 PM - Test_GoogleSearch - INFO: Google big logo is displayed

12/28/2022 05:16:09 PM - Test_YahooSearch - INFO: *****'LOGIN' YAHOO TESTS *****

12/28/2022 05:16:09 PM - Test_YahooSearch - INFO: Yahoo big logo is displayed

12/28/2022 05:16:10 PM - Test_GoogleSearch - INFO: Elma with contains Elma - Google'da Ara 
 
12/28/2022 05:16:16 PM - Test_YahooSearch - INFO: Elmawith contains Elma - Yahoo Search Results

12/28/2022 05:16:17 PM - Test_GoogleSearch - INFO: Armut with contains Armut - Google'da Ara 
 
12/28/2022 05:16:22 PM - Test_GoogleSearch - INFO: Turkey with contains Turkey - Google'da Ara 
 
12/28/2022 05:16:22 PM - Test_GoogleSearch - INFO: *****'CLOSE' GOOGLE TESTS *****

12/28/2022 05:16:25 PM - Test_YahooSearch - INFO: Armutwith contains Armut - Yahoo Search Results

12/28/2022 05:16:34 PM - Test_YahooSearch - INFO: Turkeywith contains Turkey - Yahoo Search Results

12/28/2022 05:16:42 PM - Test_YahooSearch - INFO: *****'CLOSE' YAHOO TESTS *****

12/28/2022 05:18:57 PM - GooglePage - INFO: --- RUNNING TEST : https://www.google.com/ ---
12/28/2022 05:18:57 PM - Test_GoogleSearch - INFO: *****'LOGIN' GOOGLE TESTS *****

12/28/2022 05:18:57 PM - Test_GoogleSearch - INFO: Google big logo is displayed

12/28/2022 05:19:04 PM - Test_GoogleSearch - INFO: Elma with contains Elma - Google'da Ara 
 
12/28/2022 05:19:04 PM - Test_YahooSearch - INFO: *****'LOGIN' YAHOO TESTS *****

12/28/2022 05:19:04 PM - Test_YahooSearch - INFO: Yahoo big logo is displayed

12/28/2022 05:19:09 PM - Test_YahooSearch - INFO: Elmawith contains Elma - Yahoo Search Results

12/28/2022 05:19:10 PM - Test_GoogleSearch - INFO: Armut with contains Armut - Google'da Ara 
 
12/28/2022 05:19:18 PM - Test_GoogleSearch - INFO: Turkey with contains Turkey - Google'da Ara 
 
12/28/2022 05:19:18 PM - Test_GoogleSearch - INFO: *****'CLOSE' GOOGLE TESTS *****

12/28/2022 05:19:20 PM - Test_YahooSearch - INFO: Armutwith contains Armut - Yahoo Search Results

12/28/2022 05:19:27 PM - Test_YahooSearch - INFO: Turkeywith contains Turkey - Yahoo Search Results

12/28/2022 05:19:35 PM - Test_YahooSearch - INFO: *****'CLOSE' YAHOO TESTS *****

12/28/2022 05:22:01 PM - Test_BingSearch - INFO: *****'LOGIN' BING TESTS *****

12/28/2022 05:22:05 PM - GooglePage - INFO: --- RUNNING TEST : https://www.google.com/ ---
12/28/2022 05:22:05 PM - Test_GoogleSearch - INFO: *****'LOGIN' GOOGLE TESTS *****

12/28/2022 05:22:05 PM - Test_GoogleSearch - INFO: Google big logo is displayed

12/28/2022 05:22:05 PM - Test_BingSearch - INFO: Google big logo is displayed

12/28/2022 05:22:16 PM - Test_GoogleSearch - INFO: Elma with contains Elma - Google'da Ara 
 
12/28/2022 05:22:17 PM - Test_YahooSearch - INFO: *****'LOGIN' YAHOO TESTS *****

12/28/2022 05:22:17 PM - Test_YahooSearch - INFO: Yahoo big logo is displayed

12/28/2022 05:22:23 PM - Test_BingSearch - INFO: *****'CLOSE' BING TESTS *****

12/28/2022 05:22:26 PM - Test_YahooSearch - INFO: Elmawith contains Elma - Yahoo Search Results

12/28/2022 05:22:27 PM - Test_GoogleSearch - INFO: Armut with contains Armut - Google'da Ara 
 
12/28/2022 05:22:34 PM - Test_GoogleSearch - INFO: Turkey with contains Turkey - Google'da Ara 
 
12/28/2022 05:22:34 PM - Test_GoogleSearch - INFO: *****'CLOSE' GOOGLE TESTS *****

12/28/2022 05:22:36 PM - Test_YahooSearch - INFO: Armutwith contains Armut - Yahoo Search Results

12/28/2022 05:22:44 PM - Test_YahooSearch - INFO: Turkeywith contains Turkey - Yahoo Search Results

12/28/2022 05:22:51 PM - Test_YahooSearch - INFO: *****'CLOSE' YAHOO TESTS *****

